<?xml version="1.0" encoding="UTF-8"?>
<testng-results skipped="0" failed="4" total="8" passed="4">
  <reporter-output>
  </reporter-output>
  <suite name="Command line suite" duration-ms="69516" started-at="2018-01-12T05:44:59Z" finished-at="2018-01-12T05:46:09Z">
    <groups>
    </groups>
    <test name="Command line test" duration-ms="69516" started-at="2018-01-12T05:44:59Z" finished-at="2018-01-12T05:46:09Z">
      <class name="Suite1_Smoke.LoginTest">
        <test-method status="PASS" signature="setUp()[pri:0, instance:Suite1_Smoke.LoginTest@1e67b872]" name="setUp" is-config="true" duration-ms="1939" started-at="2018-01-12T00:45:59Z" finished-at="2018-01-12T00:46:01Z">
          <reporter-output>
          </reporter-output>
        </test-method> <!-- setUp -->
        <test-method status="FAIL" signature="LoginTestWithParam(java.lang.String, java.lang.String)[pri:0, instance:Suite1_Smoke.LoginTest@1e67b872]" name="LoginTestWithParam" duration-ms="0" started-at="2018-01-12T00:46:01Z" finished-at="2018-01-12T00:46:01Z">
          <exception class="org.testng.TestNGException">
            <message>
              <![CDATA[
Parameter 'userName' is required by @Test on method LoginTestWithParam but has not been marked @Optional or defined
]]>
            </message>
            <full-stacktrace>
              <![CDATA[org.testng.TestNGException: 
Parameter 'userName' is required by @Test on method LoginTestWithParam but has not been marked @Optional or defined

	at org.testng.internal.Parameters.createParameters(Parameters.java:155)
	at org.testng.internal.Parameters.createParameters(Parameters.java:355)
	at org.testng.internal.Parameters.handleParameters(Parameters.java:447)
	at org.testng.internal.Invoker.handleParameters(Invoker.java:1383)
	at org.testng.internal.Invoker.createParameters(Invoker.java:1075)
	at org.testng.internal.Invoker.invokeTestMethods(Invoker.java:1180)
	at org.testng.internal.TestMethodWorker.invokeTestMethods(TestMethodWorker.java:127)
	at org.testng.internal.TestMethodWorker.run(TestMethodWorker.java:111)
	at org.testng.TestRunner.privateRun(TestRunner.java:767)
	at org.testng.TestRunner.run(TestRunner.java:617)
	at org.testng.SuiteRunner.runTest(SuiteRunner.java:334)
	at org.testng.SuiteRunner.runSequentially(SuiteRunner.java:329)
	at org.testng.SuiteRunner.privateRun(SuiteRunner.java:291)
	at org.testng.SuiteRunner.run(SuiteRunner.java:240)
	at org.testng.SuiteRunnerWorker.runSuite(SuiteRunnerWorker.java:52)
	at org.testng.SuiteRunnerWorker.run(SuiteRunnerWorker.java:86)
	at org.testng.TestNG.runSuitesSequentially(TestNG.java:1198)
	at org.testng.TestNG.runSuitesLocally(TestNG.java:1123)
	at org.testng.TestNG.run(TestNG.java:1031)
	at org.apache.maven.surefire.testng.TestNGExecutor.run(TestNGExecutor.java:77)
	at org.apache.maven.surefire.testng.TestNGDirectoryTestSuite.executeMulti(TestNGDirectoryTestSuite.java:159)
	at org.apache.maven.surefire.testng.TestNGDirectoryTestSuite.execute(TestNGDirectoryTestSuite.java:99)
	at org.apache.maven.surefire.testng.TestNGProvider.invoke(TestNGProvider.java:106)
	at sun.reflect.NativeMethodAccessorImpl.invoke0(Native Method)
	at sun.reflect.NativeMethodAccessorImpl.invoke(NativeMethodAccessorImpl.java:62)
	at sun.reflect.DelegatingMethodAccessorImpl.invoke(DelegatingMethodAccessorImpl.java:43)
	at java.lang.reflect.Method.invoke(Method.java:498)
	at org.apache.maven.surefire.util.ReflectionUtils.invokeMethodWithArray(ReflectionUtils.java:189)
	at org.apache.maven.surefire.booter.ProviderFactory$ProviderProxy.invoke(ProviderFactory.java:165)
	at org.apache.maven.surefire.booter.ProviderFactory.invokeProvider(ProviderFactory.java:85)
	at org.apache.maven.surefire.booter.ForkedBooter.runSuitesInProcess(ForkedBooter.java:115)
	at org.apache.maven.surefire.booter.ForkedBooter.main(ForkedBooter.java:75)
]]>
            </full-stacktrace>
          </exception> <!-- org.testng.TestNGException -->
          <reporter-output>
          </reporter-output>
        </test-method> <!-- LoginTestWithParam -->
        <test-method status="PASS" signature="cleanUp()[pri:0, instance:Suite1_Smoke.LoginTest@1e67b872]" name="cleanUp" is-config="true" duration-ms="614" started-at="2018-01-12T00:46:01Z" finished-at="2018-01-12T00:46:02Z">
          <reporter-output>
          </reporter-output>
        </test-method> <!-- cleanUp -->
      </class> <!-- Suite1_Smoke.LoginTest -->
      <class name="old.LoginTest">
        <test-method status="PASS" signature="setUp()[pri:0, instance:old.LoginTest@6b143ee9]" name="setUp" is-config="true" duration-ms="1776" started-at="2018-01-12T00:46:07Z" finished-at="2018-01-12T00:46:08Z">
          <reporter-output>
          </reporter-output>
        </test-method> <!-- setUp -->
        <test-method status="FAIL" signature="LoginTestWithParam(java.lang.String, java.lang.String)[pri:0, instance:old.LoginTest@6b143ee9]" name="LoginTestWithParam" duration-ms="0" started-at="2018-01-12T00:46:08Z" finished-at="2018-01-12T00:46:08Z">
          <exception class="org.testng.TestNGException">
            <message>
              <![CDATA[
Parameter 'userName' is required by @Test on method LoginTestWithParam but has not been marked @Optional or defined
]]>
            </message>
            <full-stacktrace>
              <![CDATA[org.testng.TestNGException: 
Parameter 'userName' is required by @Test on method LoginTestWithParam but has not been marked @Optional or defined

	at org.testng.internal.Parameters.createParameters(Parameters.java:155)
	at org.testng.internal.Parameters.createParameters(Parameters.java:355)
	at org.testng.internal.Parameters.handleParameters(Parameters.java:447)
	at org.testng.internal.Invoker.handleParameters(Invoker.java:1383)
	at org.testng.internal.Invoker.createParameters(Invoker.java:1075)
	at org.testng.internal.Invoker.invokeTestMethods(Invoker.java:1180)
	at org.testng.internal.TestMethodWorker.invokeTestMethods(TestMethodWorker.java:127)
	at org.testng.internal.TestMethodWorker.run(TestMethodWorker.java:111)
	at org.testng.TestRunner.privateRun(TestRunner.java:767)
	at org.testng.TestRunner.run(TestRunner.java:617)
	at org.testng.SuiteRunner.runTest(SuiteRunner.java:334)
	at org.testng.SuiteRunner.runSequentially(SuiteRunner.java:329)
	at org.testng.SuiteRunner.privateRun(SuiteRunner.java:291)
	at org.testng.SuiteRunner.run(SuiteRunner.java:240)
	at org.testng.SuiteRunnerWorker.runSuite(SuiteRunnerWorker.java:52)
	at org.testng.SuiteRunnerWorker.run(SuiteRunnerWorker.java:86)
	at org.testng.TestNG.runSuitesSequentially(TestNG.java:1198)
	at org.testng.TestNG.runSuitesLocally(TestNG.java:1123)
	at org.testng.TestNG.run(TestNG.java:1031)
	at org.apache.maven.surefire.testng.TestNGExecutor.run(TestNGExecutor.java:77)
	at org.apache.maven.surefire.testng.TestNGDirectoryTestSuite.executeMulti(TestNGDirectoryTestSuite.java:159)
	at org.apache.maven.surefire.testng.TestNGDirectoryTestSuite.execute(TestNGDirectoryTestSuite.java:99)
	at org.apache.maven.surefire.testng.TestNGProvider.invoke(TestNGProvider.java:106)
	at sun.reflect.NativeMethodAccessorImpl.invoke0(Native Method)
	at sun.reflect.NativeMethodAccessorImpl.invoke(NativeMethodAccessorImpl.java:62)
	at sun.reflect.DelegatingMethodAccessorImpl.invoke(DelegatingMethodAccessorImpl.java:43)
	at java.lang.reflect.Method.invoke(Method.java:498)
	at org.apache.maven.surefire.util.ReflectionUtils.invokeMethodWithArray(ReflectionUtils.java:189)
	at org.apache.maven.surefire.booter.ProviderFactory$ProviderProxy.invoke(ProviderFactory.java:165)
	at org.apache.maven.surefire.booter.ProviderFactory.invokeProvider(ProviderFactory.java:85)
	at org.apache.maven.surefire.booter.ForkedBooter.runSuitesInProcess(ForkedBooter.java:115)
	at org.apache.maven.surefire.booter.ForkedBooter.main(ForkedBooter.java:75)
]]>
            </full-stacktrace>
          </exception> <!-- org.testng.TestNGException -->
          <reporter-output>
          </reporter-output>
        </test-method> <!-- LoginTestWithParam -->
        <test-method status="PASS" signature="cleanUp()[pri:0, instance:old.LoginTest@6b143ee9]" name="cleanUp" is-config="true" duration-ms="623" started-at="2018-01-12T00:46:08Z" finished-at="2018-01-12T00:46:09Z">
          <reporter-output>
          </reporter-output>
        </test-method> <!-- cleanUp -->
      </class> <!-- old.LoginTest -->
      <class name="Tests.ItemSearchNGTest">
        <test-method status="PASS" signature="setUp()[pri:0, instance:Tests.ItemSearchNGTest@15975490]" name="setUp" is-config="true" duration-ms="1002" started-at="2018-01-12T00:45:31Z" finished-at="2018-01-12T00:45:32Z">
          <reporter-output>
          </reporter-output>
        </test-method> <!-- setUp -->
        <test-method status="PASS" signature="testChromeSelenium()[pri:0, instance:Tests.ItemSearchNGTest@15975490]" name="testChromeSelenium" duration-ms="10254" started-at="2018-01-12T00:45:32Z" finished-at="2018-01-12T00:45:42Z">
          <reporter-output>
          </reporter-output>
        </test-method> <!-- testChromeSelenium -->
        <test-method status="PASS" signature="cleanUp()[pri:0, instance:Tests.ItemSearchNGTest@15975490]" name="cleanUp" is-config="true" duration-ms="2854" started-at="2018-01-12T00:45:42Z" finished-at="2018-01-12T00:45:45Z">
          <reporter-output>
          </reporter-output>
        </test-method> <!-- cleanUp -->
      </class> <!-- Tests.ItemSearchNGTest -->
      <class name="old.ItemSearchNGTest">
        <test-method status="PASS" signature="setUp()[pri:0, instance:old.ItemSearchNGTest@34b7bfc0]" name="setUp" is-config="true" duration-ms="1023" started-at="2018-01-12T00:45:45Z" finished-at="2018-01-12T00:45:46Z">
          <reporter-output>
          </reporter-output>
        </test-method> <!-- setUp -->
        <test-method status="PASS" signature="testChromeSelenium()[pri:0, instance:old.ItemSearchNGTest@34b7bfc0]" name="testChromeSelenium" duration-ms="10169" started-at="2018-01-12T00:45:46Z" finished-at="2018-01-12T00:45:56Z">
          <reporter-output>
          </reporter-output>
        </test-method> <!-- testChromeSelenium -->
        <test-method status="PASS" signature="cleanUp()[pri:0, instance:old.ItemSearchNGTest@34b7bfc0]" name="cleanUp" is-config="true" duration-ms="2853" started-at="2018-01-12T00:45:56Z" finished-at="2018-01-12T00:45:59Z">
          <reporter-output>
          </reporter-output>
        </test-method> <!-- cleanUp -->
      </class> <!-- old.ItemSearchNGTest -->
      <class name="Suite2_Smoke.LoginTest">
        <test-method status="PASS" signature="setUp()[pri:0, instance:Suite2_Smoke.LoginTest@1936f0f5]" name="setUp" is-config="true" duration-ms="1803" started-at="2018-01-12T00:46:02Z" finished-at="2018-01-12T00:46:03Z">
          <reporter-output>
          </reporter-output>
        </test-method> <!-- setUp -->
        <test-method status="FAIL" signature="LoginTestWithParam(java.lang.String, java.lang.String)[pri:0, instance:Suite2_Smoke.LoginTest@1936f0f5]" name="LoginTestWithParam" duration-ms="0" started-at="2018-01-12T00:46:03Z" finished-at="2018-01-12T00:46:03Z">
          <exception class="org.testng.TestNGException">
            <message>
              <![CDATA[
Parameter 'userName' is required by @Test on method LoginTestWithParam but has not been marked @Optional or defined
]]>
            </message>
            <full-stacktrace>
              <![CDATA[org.testng.TestNGException: 
Parameter 'userName' is required by @Test on method LoginTestWithParam but has not been marked @Optional or defined

	at org.testng.internal.Parameters.createParameters(Parameters.java:155)
	at org.testng.internal.Parameters.createParameters(Parameters.java:355)
	at org.testng.internal.Parameters.handleParameters(Parameters.java:447)
	at org.testng.internal.Invoker.handleParameters(Invoker.java:1383)
	at org.testng.internal.Invoker.createParameters(Invoker.java:1075)
	at org.testng.internal.Invoker.invokeTestMethods(Invoker.java:1180)
	at org.testng.internal.TestMethodWorker.invokeTestMethods(TestMethodWorker.java:127)
	at org.testng.internal.TestMethodWorker.run(TestMethodWorker.java:111)
	at org.testng.TestRunner.privateRun(TestRunner.java:767)
	at org.testng.TestRunner.run(TestRunner.java:617)
	at org.testng.SuiteRunner.runTest(SuiteRunner.java:334)
	at org.testng.SuiteRunner.runSequentially(SuiteRunner.java:329)
	at org.testng.SuiteRunner.privateRun(SuiteRunner.java:291)
	at org.testng.SuiteRunner.run(SuiteRunner.java:240)
	at org.testng.SuiteRunnerWorker.runSuite(SuiteRunnerWorker.java:52)
	at org.testng.SuiteRunnerWorker.run(SuiteRunnerWorker.java:86)
	at org.testng.TestNG.runSuitesSequentially(TestNG.java:1198)
	at org.testng.TestNG.runSuitesLocally(TestNG.java:1123)
	at org.testng.TestNG.run(TestNG.java:1031)
	at org.apache.maven.surefire.testng.TestNGExecutor.run(TestNGExecutor.java:77)
	at org.apache.maven.surefire.testng.TestNGDirectoryTestSuite.executeMulti(TestNGDirectoryTestSuite.java:159)
	at org.apache.maven.surefire.testng.TestNGDirectoryTestSuite.execute(TestNGDirectoryTestSuite.java:99)
	at org.apache.maven.surefire.testng.TestNGProvider.invoke(TestNGProvider.java:106)
	at sun.reflect.NativeMethodAccessorImpl.invoke0(Native Method)
	at sun.reflect.NativeMethodAccessorImpl.invoke(NativeMethodAccessorImpl.java:62)
	at sun.reflect.DelegatingMethodAccessorImpl.invoke(DelegatingMethodAccessorImpl.java:43)
	at java.lang.reflect.Method.invoke(Method.java:498)
	at org.apache.maven.surefire.util.ReflectionUtils.invokeMethodWithArray(ReflectionUtils.java:189)
	at org.apache.maven.surefire.booter.ProviderFactory$ProviderProxy.invoke(ProviderFactory.java:165)
	at org.apache.maven.surefire.booter.ProviderFactory.invokeProvider(ProviderFactory.java:85)
	at org.apache.maven.surefire.booter.ForkedBooter.runSuitesInProcess(ForkedBooter.java:115)
	at org.apache.maven.surefire.booter.ForkedBooter.main(ForkedBooter.java:75)
]]>
            </full-stacktrace>
          </exception> <!-- org.testng.TestNGException -->
          <reporter-output>
          </reporter-output>
        </test-method> <!-- LoginTestWithParam -->
        <test-method status="PASS" signature="cleanUp()[pri:0, instance:Suite2_Smoke.LoginTest@1936f0f5]" name="cleanUp" is-config="true" duration-ms="617" started-at="2018-01-12T00:46:03Z" finished-at="2018-01-12T00:46:04Z">
          <reporter-output>
          </reporter-output>
        </test-method> <!-- cleanUp -->
      </class> <!-- Suite2_Smoke.LoginTest -->
      <class name="Tests.LoginTest">
        <test-method status="PASS" signature="setUp()[pri:0, instance:Tests.LoginTest@4909b8da]" name="setUp" is-config="true" duration-ms="1866" started-at="2018-01-12T00:46:04Z" finished-at="2018-01-12T00:46:06Z">
          <reporter-output>
          </reporter-output>
        </test-method> <!-- setUp -->
        <test-method status="FAIL" signature="LoginTestWithParam(java.lang.String, java.lang.String)[pri:0, instance:Tests.LoginTest@4909b8da]" name="LoginTestWithParam" duration-ms="0" started-at="2018-01-12T00:46:06Z" finished-at="2018-01-12T00:46:06Z">
          <exception class="org.testng.TestNGException">
            <message>
              <![CDATA[
Parameter 'userName' is required by @Test on method LoginTestWithParam but has not been marked @Optional or defined
]]>
            </message>
            <full-stacktrace>
              <![CDATA[org.testng.TestNGException: 
Parameter 'userName' is required by @Test on method LoginTestWithParam but has not been marked @Optional or defined

	at org.testng.internal.Parameters.createParameters(Parameters.java:155)
	at org.testng.internal.Parameters.createParameters(Parameters.java:355)
	at org.testng.internal.Parameters.handleParameters(Parameters.java:447)
	at org.testng.internal.Invoker.handleParameters(Invoker.java:1383)
	at org.testng.internal.Invoker.createParameters(Invoker.java:1075)
	at org.testng.internal.Invoker.invokeTestMethods(Invoker.java:1180)
	at org.testng.internal.TestMethodWorker.invokeTestMethods(TestMethodWorker.java:127)
	at org.testng.internal.TestMethodWorker.run(TestMethodWorker.java:111)
	at org.testng.TestRunner.privateRun(TestRunner.java:767)
	at org.testng.TestRunner.run(TestRunner.java:617)
	at org.testng.SuiteRunner.runTest(SuiteRunner.java:334)
	at org.testng.SuiteRunner.runSequentially(SuiteRunner.java:329)
	at org.testng.SuiteRunner.privateRun(SuiteRunner.java:291)
	at org.testng.SuiteRunner.run(SuiteRunner.java:240)
	at org.testng.SuiteRunnerWorker.runSuite(SuiteRunnerWorker.java:52)
	at org.testng.SuiteRunnerWorker.run(SuiteRunnerWorker.java:86)
	at org.testng.TestNG.runSuitesSequentially(TestNG.java:1198)
	at org.testng.TestNG.runSuitesLocally(TestNG.java:1123)
	at org.testng.TestNG.run(TestNG.java:1031)
	at org.apache.maven.surefire.testng.TestNGExecutor.run(TestNGExecutor.java:77)
	at org.apache.maven.surefire.testng.TestNGDirectoryTestSuite.executeMulti(TestNGDirectoryTestSuite.java:159)
	at org.apache.maven.surefire.testng.TestNGDirectoryTestSuite.execute(TestNGDirectoryTestSuite.java:99)
	at org.apache.maven.surefire.testng.TestNGProvider.invoke(TestNGProvider.java:106)
	at sun.reflect.NativeMethodAccessorImpl.invoke0(Native Method)
	at sun.reflect.NativeMethodAccessorImpl.invoke(NativeMethodAccessorImpl.java:62)
	at sun.reflect.DelegatingMethodAccessorImpl.invoke(DelegatingMethodAccessorImpl.java:43)
	at java.lang.reflect.Method.invoke(Method.java:498)
	at org.apache.maven.surefire.util.ReflectionUtils.invokeMethodWithArray(ReflectionUtils.java:189)
	at org.apache.maven.surefire.booter.ProviderFactory$ProviderProxy.invoke(ProviderFactory.java:165)
	at org.apache.maven.surefire.booter.ProviderFactory.invokeProvider(ProviderFactory.java:85)
	at org.apache.maven.surefire.booter.ForkedBooter.runSuitesInProcess(ForkedBooter.java:115)
	at org.apache.maven.surefire.booter.ForkedBooter.main(ForkedBooter.java:75)
]]>
            </full-stacktrace>
          </exception> <!-- org.testng.TestNGException -->
          <reporter-output>
          </reporter-output>
        </test-method> <!-- LoginTestWithParam -->
        <test-method status="PASS" signature="cleanUp()[pri:0, instance:Tests.LoginTest@4909b8da]" name="cleanUp" is-config="true" duration-ms="624" started-at="2018-01-12T00:46:06Z" finished-at="2018-01-12T00:46:07Z">
          <reporter-output>
          </reporter-output>
        </test-method> <!-- cleanUp -->
      </class> <!-- Tests.LoginTest -->
      <class name="Suite1_Smoke.ItemSearchNGTest">
        <test-method status="PASS" signature="setUp()[pri:0, instance:Suite1_Smoke.ItemSearchNGTest@3a03464]" name="setUp" is-config="true" duration-ms="2300" started-at="2018-01-12T00:44:59Z" finished-at="2018-01-12T00:45:02Z">
          <reporter-output>
          </reporter-output>
        </test-method> <!-- setUp -->
        <test-method status="PASS" signature="testChromeSelenium()[pri:0, instance:Suite1_Smoke.ItemSearchNGTest@3a03464]" name="testChromeSelenium" duration-ms="10446" started-at="2018-01-12T00:45:02Z" finished-at="2018-01-12T00:45:12Z">
          <reporter-output>
          </reporter-output>
        </test-method> <!-- testChromeSelenium -->
        <test-method status="PASS" signature="cleanUp()[pri:0, instance:Suite1_Smoke.ItemSearchNGTest@3a03464]" name="cleanUp" is-config="true" duration-ms="2859" started-at="2018-01-12T00:45:12Z" finished-at="2018-01-12T00:45:15Z">
          <reporter-output>
          </reporter-output>
        </test-method> <!-- cleanUp -->
      </class> <!-- Suite1_Smoke.ItemSearchNGTest -->
      <class name="Suite2_Smoke.ItemSearchNGTest">
        <test-method status="PASS" signature="setUp()[pri:0, instance:Suite2_Smoke.ItemSearchNGTest@6615435c]" name="setUp" is-config="true" duration-ms="1006" started-at="2018-01-12T00:45:15Z" finished-at="2018-01-12T00:45:16Z">
          <reporter-output>
          </reporter-output>
        </test-method> <!-- setUp -->
        <test-method status="PASS" signature="testChromeSelenium()[pri:0, instance:Suite2_Smoke.ItemSearchNGTest@6615435c]" name="testChromeSelenium" duration-ms="12025" started-at="2018-01-12T00:45:16Z" finished-at="2018-01-12T00:45:28Z">
          <reporter-output>
          </reporter-output>
        </test-method> <!-- testChromeSelenium -->
        <test-method status="PASS" signature="cleanUp()[pri:0, instance:Suite2_Smoke.ItemSearchNGTest@6615435c]" name="cleanUp" is-config="true" duration-ms="2854" started-at="2018-01-12T00:45:28Z" finished-at="2018-01-12T00:45:31Z">
          <reporter-output>
          </reporter-output>
        </test-method> <!-- cleanUp -->
      </class> <!-- Suite2_Smoke.ItemSearchNGTest -->
    </test> <!-- Command line test -->
  </suite> <!-- Command line suite -->
</testng-results>
